# JRE version: OpenJDK Runtime Environment (21.0.7+6) (build 21.0.7+6)
# Java VM: OpenJDK 64-Bit Server VM (21.0.7+6, mixed mode, sharing, tiered, compressed oops, compressed class ptrs, g1 gc, linux-amd64)
GC Precious Log:
 CardTable entry size: 512
 Card Set container configuration: InlinePtr #cards 4 size 8 Array Of Cards #cards 16 size 48 Howl #buckets 8 coarsen threshold 3686 Howl Bitmap #cards 512 size 80 coarsen threshold 460 Card regions per heap region 1 cards per card region 4096
 CPUs: 12 total, 12 available
 Memory: 15855M
 Large Page Support: Disabled
 NUMA Support: Disabled
 Compressed Oops: Enabled (Zero based)
 Heap Region Size: 2M
 Heap Min Capacity: 8M
 Heap Initial Capacity: 248M
 Heap Max Capacity: 3964M
 Pre-touch: Disabled
 Parallel Workers: 10
 Concurrent Workers: 3
 Concurrent Refinement Workers: 10
 Periodic GC: Disabled
Heap:
 garbage-first heap   total 256000K, used 99377K [0x0000000708400000, 0x0000000800000000)
  region size 2048K, 49 young (100352K), 1 survivors (2048K)
 Metaspace       used 6341K, committed 6592K, reserved 1114112K
  class space    used 309K, committed 448K, reserved 1048576K
GC Heap History (20 events):
Event: 2.963 GC heap before
{Heap before GC invocations=2 (full 0):
 garbage-first heap   total 256000K, used 152608K [0x0000000708400000, 0x0000000800000000)
  region size 2048K, 74 young (151552K), 1 survivors (2048K)
 Metaspace       used 6336K, committed 6592K, reserved 1114112K
  class space    used 309K, committed 448K, reserved 1048576K
}
Event: 2.965 GC heap after
{Heap after GC invocations=3 (full 0):
 garbage-first heap   total 256000K, used 3175K [0x0000000708400000, 0x0000000800000000)
  region size 2048K, 2 young (4096K), 2 survivors (4096K)
 Metaspace       used 6336K, committed 6592K, reserved 1114112K
  class space    used 309K, committed 448K, reserved 1048576K
}
Event: 4.712 GC heap before
{Heap before GC invocations=3 (full 0):
 garbage-first heap   total 256000K, used 150631K [0x0000000708400000, 0x0000000800000000)
  region size 2048K, 74 young (151552K), 2 survivors (4096K)
 Metaspace       used 6336K, committed 6592K, reserved 1114112K
  class space    used 309K, committed 448K, reserved 1048576K
}
Event: 4.713 GC heap after
{Heap after GC invocations=4 (full 0):
 garbage-first heap   total 256000K, used 3076K [0x0000000708400000, 0x0000000800000000)
  region size 2048K, 1 young (2048K), 1 survivors (2048K)
 Metaspace       used 6336K, committed 6592K, reserved 1114112K
  class space    used 309K, committed 448K, reserved 1048576K
}
Event: 6.441 GC heap before
{Heap before GC invocations=4 (full 0):
 garbage-first heap   total 256000K, used 152580K [0x0000000708400000, 0x0000000800000000)
  region size 2048K, 74 young (151552K), 1 survivors (2048K)
 Metaspace       used 6336K, committed 6592K, reserved 1114112K
  class space    used 309K, committed 448K, reserved 1048576K
}
Event: 6.442 GC heap after
{Heap after GC invocations=5 (full 0):
 garbage-first heap   total 256000K, used 3062K [0x0000000708400000, 0x0000000800000000)
  region size 2048K, 1 young (2048K), 1 survivors (2048K)
 Metaspace       used 6336K, committed 6592K, reserved 1114112K
  class space    used 309K, committed 448K, reserved 1048576K
}
Event: 8.177 GC heap before
{Heap before GC invocations=5 (full 0):
 garbage-first heap   total 256000K, used 152566K [0x0000000708400000, 0x0000000800000000)
  region size 2048K, 74 young (151552K), 1 survivors (2048K)
 Metaspace       used 6339K, committed 6592K, reserved 1114112K
  class space    used 309K, committed 448K, reserved 1048576K
}
Event: 8.178 GC heap after
{Heap after GC invocations=6 (full 0):
 garbage-first heap   total 256000K, used 3177K [0x0000000708400000, 0x0000000800000000)
  region size 2048K, 2 young (4096K), 2 survivors (4096K)
 Metaspace       used 6339K, committed 6592K, reserved 1114112K
  class space    used 309K, committed 448K, reserved 1048576K
}
Event: 9.896 GC heap before
{Heap before GC invocations=6 (full 0):
 garbage-first heap   total 256000K, used 150633K [0x0000000708400000, 0x0000000800000000)
  region size 2048K, 74 young (151552K), 2 survivors (4096K)
 Metaspace       used 6339K, committed 6592K, reserved 1114112K
  class space    used 309K, committed 448K, reserved 1048576K
}
Event: 9.897 GC heap after
{Heap after GC invocations=7 (full 0):
 garbage-first heap   total 256000K, used 3080K [0x0000000708400000, 0x0000000800000000)
  region size 2048K, 1 young (2048K), 1 survivors (2048K)
 Metaspace       used 6339K, committed 6592K, reserved 1114112K
  class space    used 309K, committed 448K, reserved 1048576K
}
Event: 11.655 GC heap before
{Heap before GC invocations=7 (full 0):
 garbage-first heap   total 256000K, used 152584K [0x0000000708400000, 0x0000000800000000)
  region size 2048K, 74 young (151552K), 1 survivors (2048K)
 Metaspace       used 6339K, committed 6592K, reserved 1114112K
  class space    used 309K, committed 448K, reserved 1048576K
}
Event: 11.656 GC heap after
{Heap after GC invocations=8 (full 0):
 garbage-first heap   total 256000K, used 3121K [0x0000000708400000, 0x0000000800000000)
  region size 2048K, 1 young (2048K), 1 survivors (2048K)
 Metaspace       used 6339K, committed 6592K, reserved 1114112K
  class space    used 309K, committed 448K, reserved 1048576K
}
Event: 13.403 GC heap before
{Heap before GC invocations=8 (full 0):
 garbage-first heap   total 256000K, used 152625K [0x0000000708400000, 0x0000000800000000)
  region size 2048K, 74 young (151552K), 1 survivors (2048K)
 Metaspace       used 6339K, committed 6592K, reserved 1114112K
  class space    used 309K, committed 448K, reserved 1048576K
}
Event: 13.404 GC heap after
{Heap after GC invocations=9 (full 0):
 garbage-first heap   total 256000K, used 3092K [0x0000000708400000, 0x0000000800000000)
  region size 2048K, 1 young (2048K), 1 survivors (2048K)
 Metaspace       used 6339K, committed 6592K, reserved 1114112K
  class space    used 309K, committed 448K, reserved 1048576K
}
Event: 15.144 GC heap before
{Heap before GC invocations=9 (full 0):
 garbage-first heap   total 256000K, used 152596K [0x0000000708400000, 0x0000000800000000)
  region size 2048K, 74 young (151552K), 1 survivors (2048K)
 Metaspace       used 6339K, committed 6592K, reserved 1114112K
  class space    used 309K, committed 448K, reserved 1048576K
}
Event: 15.145 GC heap after
{Heap after GC invocations=10 (full 0):
 garbage-first heap   total 256000K, used 3231K [0x0000000708400000, 0x0000000800000000)
  region size 2048K, 2 young (4096K), 2 survivors (4096K)
 Metaspace       used 6339K, committed 6592K, reserved 1114112K
  class space    used 309K, committed 448K, reserved 1048576K
}
Event: 17.021 GC heap before
{Heap before GC invocations=10 (full 0):
 garbage-first heap   total 256000K, used 150687K [0x0000000708400000, 0x0000000800000000)
  region size 2048K, 74 young (151552K), 2 survivors (4096K)
 Metaspace       used 6340K, committed 6592K, reserved 1114112K
  class space    used 309K, committed 448K, reserved 1048576K
}
Event: 17.022 GC heap after
{Heap after GC invocations=11 (full 0):
 garbage-first heap   total 256000K, used 3176K [0x0000000708400000, 0x0000000800000000)
  region size 2048K, 2 young (4096K), 2 survivors (4096K)
 Metaspace       used 6340K, committed 6592K, reserved 1114112K
  class space    used 309K, committed 448K, reserved 1048576K
}
Event: 18.693 GC heap before
{Heap before GC invocations=11 (full 0):
 garbage-first heap   total 256000K, used 150632K [0x0000000708400000, 0x0000000800000000)
  region size 2048K, 74 young (151552K), 2 survivors (4096K)
 Metaspace       used 6340K, committed 6592K, reserved 1114112K
  class space    used 309K, committed 448K, reserved 1048576K
}
Event: 18.694 GC heap after
{Heap after GC invocations=12 (full 0):
 garbage-first heap   total 256000K, used 3121K [0x0000000708400000, 0x0000000800000000)
  region size 2048K, 1 young (2048K), 1 survivors (2048K)
 Metaspace       used 6340K, committed 6592K, reserved 1114112K
  class space    used 309K, committed 448K, reserved 1048576K
}

