# JRE version: OpenJDK Runtime Environment (21.0.7+6) (build 21.0.7+6)
# Java VM: OpenJDK 64-Bit Server VM (21.0.7+6, mixed mode, sharing, tiered, compressed oops, compressed class ptrs, g1 gc, linux-amd64)
GC Precious Log:
 CardTable entry size: 512
 Card Set container configuration: InlinePtr #cards 4 size 8 Array Of Cards #cards 16 size 48 Howl #buckets 8 coarsen threshold 3686 Howl Bitmap #cards 512 size 80 coarsen threshold 460 Card regions per heap region 1 cards per card region 4096
 CPUs: 12 total, 12 available
 Memory: 15855M
 Large Page Support: Disabled
 NUMA Support: Disabled
 Compressed Oops: Enabled (Zero based)
 Heap Region Size: 2M
 Heap Min Capacity: 8M
 Heap Initial Capacity: 248M
 Heap Max Capacity: 3964M
 Pre-touch: Disabled
 Parallel Workers: 10
 Concurrent Workers: 3
 Concurrent Refinement Workers: 10
 Periodic GC: Disabled
Heap:
 garbage-first heap   total 256000K, used 80944K [0x0000000708400000, 0x0000000800000000)
  region size 2048K, 40 young (81920K), 1 survivors (2048K)
 Metaspace       used 6344K, committed 6592K, reserved 1114112K
  class space    used 310K, committed 448K, reserved 1048576K
GC Heap History (16 events):
Event: 0.550 GC heap before
{Heap before GC invocations=0 (full 0):
 garbage-first heap   total 256000K, used 23601K [0x0000000708400000, 0x0000000800000000)
  region size 2048K, 11 young (22528K), 0 survivors (0K)
 Metaspace       used 6165K, committed 6400K, reserved 1114112K
  class space    used 307K, committed 448K, reserved 1048576K
}
Event: 0.551 GC heap after
{Heap after GC invocations=1 (full 0):
 garbage-first heap   total 256000K, used 2940K [0x0000000708400000, 0x0000000800000000)
  region size 2048K, 1 young (2048K), 1 survivors (2048K)
 Metaspace       used 6165K, committed 6400K, reserved 1114112K
  class space    used 307K, committed 448K, reserved 1048576K
}
Event: 1.008 GC heap before
{Heap before GC invocations=1 (full 0):
 garbage-first heap   total 256000K, used 78716K [0x0000000708400000, 0x0000000800000000)
  region size 2048K, 39 young (79872K), 1 survivors (2048K)
 Metaspace       used 6235K, committed 6528K, reserved 1114112K
  class space    used 307K, committed 448K, reserved 1048576K
}
Event: 1.010 GC heap after
{Heap after GC invocations=2 (full 0):
 garbage-first heap   total 256000K, used 3173K [0x0000000708400000, 0x0000000800000000)
  region size 2048K, 2 young (4096K), 2 survivors (4096K)
 Metaspace       used 6235K, committed 6528K, reserved 1114112K
  class space    used 307K, committed 448K, reserved 1048576K
}
Event: 2.979 GC heap before
{Heap before GC invocations=2 (full 0):
 garbage-first heap   total 256000K, used 150629K [0x0000000708400000, 0x0000000800000000)
  region size 2048K, 74 young (151552K), 2 survivors (4096K)
 Metaspace       used 6340K, committed 6592K, reserved 1114112K
  class space    used 310K, committed 448K, reserved 1048576K
}
Event: 2.980 GC heap after
{Heap after GC invocations=3 (full 0):
 garbage-first heap   total 256000K, used 3121K [0x0000000708400000, 0x0000000800000000)
  region size 2048K, 1 young (2048K), 1 survivors (2048K)
 Metaspace       used 6340K, committed 6592K, reserved 1114112K
  class space    used 310K, committed 448K, reserved 1048576K
}
Event: 4.738 GC heap before
{Heap before GC invocations=3 (full 0):
 garbage-first heap   total 256000K, used 152625K [0x0000000708400000, 0x0000000800000000)
  region size 2048K, 74 young (151552K), 1 survivors (2048K)
 Metaspace       used 6342K, committed 6592K, reserved 1114112K
  class space    used 310K, committed 448K, reserved 1048576K
}
Event: 4.739 GC heap after
{Heap after GC invocations=4 (full 0):
 garbage-first heap   total 256000K, used 3121K [0x0000000708400000, 0x0000000800000000)
  region size 2048K, 1 young (2048K), 1 survivors (2048K)
 Metaspace       used 6342K, committed 6592K, reserved 1114112K
  class space    used 310K, committed 448K, reserved 1048576K
}
Event: 6.492 GC heap before
{Heap before GC invocations=4 (full 0):
 garbage-first heap   total 256000K, used 152625K [0x0000000708400000, 0x0000000800000000)
  region size 2048K, 74 young (151552K), 1 survivors (2048K)
 Metaspace       used 6344K, committed 6592K, reserved 1114112K
  class space    used 310K, committed 448K, reserved 1048576K
}
Event: 6.493 GC heap after
{Heap after GC invocations=5 (full 0):
 garbage-first heap   total 256000K, used 3114K [0x0000000708400000, 0x0000000800000000)
  region size 2048K, 1 young (2048K), 1 survivors (2048K)
 Metaspace       used 6344K, committed 6592K, reserved 1114112K
  class space    used 310K, committed 448K, reserved 1048576K
}
Event: 8.209 GC heap before
{Heap before GC invocations=5 (full 0):
 garbage-first heap   total 256000K, used 152618K [0x0000000708400000, 0x0000000800000000)
  region size 2048K, 74 young (151552K), 1 survivors (2048K)
 Metaspace       used 6344K, committed 6592K, reserved 1114112K
  class space    used 310K, committed 448K, reserved 1048576K
}
Event: 8.210 GC heap after
{Heap after GC invocations=6 (full 0):
 garbage-first heap   total 256000K, used 3283K [0x0000000708400000, 0x0000000800000000)
  region size 2048K, 2 young (4096K), 2 survivors (4096K)
 Metaspace       used 6344K, committed 6592K, reserved 1114112K
  class space    used 310K, committed 448K, reserved 1048576K
}
Event: 9.916 GC heap before
{Heap before GC invocations=6 (full 0):
 garbage-first heap   total 256000K, used 150739K [0x0000000708400000, 0x0000000800000000)
  region size 2048K, 74 young (151552K), 2 survivors (4096K)
 Metaspace       used 6344K, committed 6592K, reserved 1114112K
  class space    used 310K, committed 448K, reserved 1048576K
}
Event: 9.917 GC heap after
{Heap after GC invocations=7 (full 0):
 garbage-first heap   total 256000K, used 3176K [0x0000000708400000, 0x0000000800000000)
  region size 2048K, 2 young (4096K), 2 survivors (4096K)
 Metaspace       used 6344K, committed 6592K, reserved 1114112K
  class space    used 310K, committed 448K, reserved 1048576K
}
Event: 11.638 GC heap before
{Heap before GC invocations=7 (full 0):
 garbage-first heap   total 256000K, used 150632K [0x0000000708400000, 0x0000000800000000)
  region size 2048K, 74 young (151552K), 2 survivors (4096K)
 Metaspace       used 6344K, committed 6592K, reserved 1114112K
  class space    used 310K, committed 448K, reserved 1048576K
}
Event: 11.639 GC heap after
{Heap after GC invocations=8 (full 0):
 garbage-first heap   total 256000K, used 3120K [0x0000000708400000, 0x0000000800000000)
  region size 2048K, 1 young (2048K), 1 survivors (2048K)
 Metaspace       used 6344K, committed 6592K, reserved 1114112K
  class space    used 310K, committed 448K, reserved 1048576K
}

