# JRE version: OpenJDK Runtime Environment (21.0.7+6) (build 21.0.7+6)
# Java VM: OpenJDK 64-Bit Server VM (21.0.7+6, mixed mode, sharing, tiered, compressed oops, compressed class ptrs, g1 gc, linux-amd64)
GC Precious Log:
 CardTable entry size: 512
 Card Set container configuration: InlinePtr #cards 4 size 8 Array Of Cards #cards 16 size 48 Howl #buckets 8 coarsen threshold 3686 Howl Bitmap #cards 512 size 80 coarsen threshold 460 Card regions per heap region 1 cards per card region 4096
 CPUs: 12 total, 12 available
 Memory: 15855M
 Large Page Support: Disabled
 NUMA Support: Disabled
 Compressed Oops: Enabled (Zero based)
 Heap Region Size: 2M
 Heap Min Capacity: 8M
 Heap Initial Capacity: 248M
 Heap Max Capacity: 3964M
 Pre-touch: Disabled
 Parallel Workers: 10
 Concurrent Workers: 3
 Concurrent Refinement Workers: 10
 Periodic GC: Disabled
Heap:
 garbage-first heap   total 256000K, used 62513K [0x0000000708400000, 0x0000000800000000)
  region size 2048K, 31 young (63488K), 1 survivors (2048K)
 Metaspace       used 6338K, committed 6592K, reserved 1114112K
  class space    used 309K, committed 448K, reserved 1048576K
GC Heap History (20 events):
Event: 6.117 GC heap before
{Heap before GC invocations=4 (full 0):
 garbage-first heap   total 256000K, used 150633K [0x0000000708400000, 0x0000000800000000)
  region size 2048K, 74 young (151552K), 2 survivors (4096K)
 Metaspace       used 6335K, committed 6592K, reserved 1114112K
  class space    used 309K, committed 448K, reserved 1048576K
}
Event: 6.118 GC heap after
{Heap after GC invocations=5 (full 0):
 garbage-first heap   total 256000K, used 3176K [0x0000000708400000, 0x0000000800000000)
  region size 2048K, 2 young (4096K), 2 survivors (4096K)
 Metaspace       used 6335K, committed 6592K, reserved 1114112K
  class space    used 309K, committed 448K, reserved 1048576K
}
Event: 7.829 GC heap before
{Heap before GC invocations=5 (full 0):
 garbage-first heap   total 256000K, used 150632K [0x0000000708400000, 0x0000000800000000)
  region size 2048K, 74 young (151552K), 2 survivors (4096K)
 Metaspace       used 6336K, committed 6592K, reserved 1114112K
  class space    used 309K, committed 448K, reserved 1048576K
}
Event: 7.829 GC heap after
{Heap after GC invocations=6 (full 0):
 garbage-first heap   total 256000K, used 3121K [0x0000000708400000, 0x0000000800000000)
  region size 2048K, 1 young (2048K), 1 survivors (2048K)
 Metaspace       used 6336K, committed 6592K, reserved 1114112K
  class space    used 309K, committed 448K, reserved 1048576K
}
Event: 9.566 GC heap before
{Heap before GC invocations=6 (full 0):
 garbage-first heap   total 256000K, used 152625K [0x0000000708400000, 0x0000000800000000)
  region size 2048K, 74 young (151552K), 1 survivors (2048K)
 Metaspace       used 6336K, committed 6592K, reserved 1114112K
  class space    used 309K, committed 448K, reserved 1048576K
}
Event: 9.567 GC heap after
{Heap after GC invocations=7 (full 0):
 garbage-first heap   total 256000K, used 3231K [0x0000000708400000, 0x0000000800000000)
  region size 2048K, 2 young (4096K), 2 survivors (4096K)
 Metaspace       used 6336K, committed 6592K, reserved 1114112K
  class space    used 309K, committed 448K, reserved 1048576K
}
Event: 11.235 GC heap before
{Heap before GC invocations=7 (full 0):
 garbage-first heap   total 256000K, used 150687K [0x0000000708400000, 0x0000000800000000)
  region size 2048K, 74 young (151552K), 2 survivors (4096K)
 Metaspace       used 6336K, committed 6592K, reserved 1114112K
  class space    used 309K, committed 448K, reserved 1048576K
}
Event: 11.236 GC heap after
{Heap after GC invocations=8 (full 0):
 garbage-first heap   total 256000K, used 3121K [0x0000000708400000, 0x0000000800000000)
  region size 2048K, 1 young (2048K), 1 survivors (2048K)
 Metaspace       used 6336K, committed 6592K, reserved 1114112K
  class space    used 309K, committed 448K, reserved 1048576K
}
Event: 12.969 GC heap before
{Heap before GC invocations=8 (full 0):
 garbage-first heap   total 256000K, used 152625K [0x0000000708400000, 0x0000000800000000)
  region size 2048K, 74 young (151552K), 1 survivors (2048K)
 Metaspace       used 6336K, committed 6592K, reserved 1114112K
  class space    used 309K, committed 448K, reserved 1048576K
}
Event: 12.970 GC heap after
{Heap after GC invocations=9 (full 0):
 garbage-first heap   total 256000K, used 3121K [0x0000000708400000, 0x0000000800000000)
  region size 2048K, 1 young (2048K), 1 survivors (2048K)
 Metaspace       used 6336K, committed 6592K, reserved 1114112K
  class space    used 309K, committed 448K, reserved 1048576K
}
Event: 14.667 GC heap before
{Heap before GC invocations=9 (full 0):
 garbage-first heap   total 256000K, used 152625K [0x0000000708400000, 0x0000000800000000)
  region size 2048K, 74 young (151552K), 1 survivors (2048K)
 Metaspace       used 6336K, committed 6592K, reserved 1114112K
  class space    used 309K, committed 448K, reserved 1048576K
}
Event: 14.668 GC heap after
{Heap after GC invocations=10 (full 0):
 garbage-first heap   total 256000K, used 3177K [0x0000000708400000, 0x0000000800000000)
  region size 2048K, 2 young (4096K), 2 survivors (4096K)
 Metaspace       used 6336K, committed 6592K, reserved 1114112K
  class space    used 309K, committed 448K, reserved 1048576K
}
Event: 16.343 GC heap before
{Heap before GC invocations=10 (full 0):
 garbage-first heap   total 256000K, used 150633K [0x0000000708400000, 0x0000000800000000)
  region size 2048K, 74 young (151552K), 2 survivors (4096K)
 Metaspace       used 6336K, committed 6592K, reserved 1114112K
  class space    used 309K, committed 448K, reserved 1048576K
}
Event: 16.344 GC heap after
{Heap after GC invocations=11 (full 0):
 garbage-first heap   total 256000K, used 3121K [0x0000000708400000, 0x0000000800000000)
  region size 2048K, 1 young (2048K), 1 survivors (2048K)
 Metaspace       used 6336K, committed 6592K, reserved 1114112K
  class space    used 309K, committed 448K, reserved 1048576K
}
Event: 18.039 GC heap before
{Heap before GC invocations=11 (full 0):
 garbage-first heap   total 256000K, used 152625K [0x0000000708400000, 0x0000000800000000)
  region size 2048K, 74 young (151552K), 1 survivors (2048K)
 Metaspace       used 6337K, committed 6592K, reserved 1114112K
  class space    used 309K, committed 448K, reserved 1048576K
}
Event: 18.040 GC heap after
{Heap after GC invocations=12 (full 0):
 garbage-first heap   total 256000K, used 3177K [0x0000000708400000, 0x0000000800000000)
  region size 2048K, 2 young (4096K), 2 survivors (4096K)
 Metaspace       used 6337K, committed 6592K, reserved 1114112K
  class space    used 309K, committed 448K, reserved 1048576K
}
Event: 19.706 GC heap before
{Heap before GC invocations=12 (full 0):
 garbage-first heap   total 256000K, used 150633K [0x0000000708400000, 0x0000000800000000)
  region size 2048K, 74 young (151552K), 2 survivors (4096K)
 Metaspace       used 6337K, committed 6592K, reserved 1114112K
  class space    used 309K, committed 448K, reserved 1048576K
}
Event: 19.707 GC heap after
{Heap after GC invocations=13 (full 0):
 garbage-first heap   total 256000K, used 3121K [0x0000000708400000, 0x0000000800000000)
  region size 2048K, 1 young (2048K), 1 survivors (2048K)
 Metaspace       used 6337K, committed 6592K, reserved 1114112K
  class space    used 309K, committed 448K, reserved 1048576K
}
Event: 21.403 GC heap before
{Heap before GC invocations=13 (full 0):
 garbage-first heap   total 256000K, used 152625K [0x0000000708400000, 0x0000000800000000)
  region size 2048K, 74 young (151552K), 1 survivors (2048K)
 Metaspace       used 6338K, committed 6592K, reserved 1114112K
  class space    used 309K, committed 448K, reserved 1048576K
}
Event: 21.404 GC heap after
{Heap after GC invocations=14 (full 0):
 garbage-first heap   total 256000K, used 3121K [0x0000000708400000, 0x0000000800000000)
  region size 2048K, 1 young (2048K), 1 survivors (2048K)
 Metaspace       used 6338K, committed 6592K, reserved 1114112K
  class space    used 309K, committed 448K, reserved 1048576K
}

