# JRE version: OpenJDK Runtime Environment (21.0.7+6) (build 21.0.7+6)
# Java VM: OpenJDK 64-Bit Server VM (21.0.7+6, mixed mode, sharing, tiered, compressed oops, compressed class ptrs, g1 gc, linux-amd64)
GC Precious Log:
 CardTable entry size: 512
 Card Set container configuration: InlinePtr #cards 4 size 8 Array Of Cards #cards 16 size 48 Howl #buckets 8 coarsen threshold 3686 Howl Bitmap #cards 512 size 80 coarsen threshold 460 Card regions per heap region 1 cards per card region 4096
 CPUs: 12 total, 12 available
 Memory: 15855M
 Large Page Support: Disabled
 NUMA Support: Disabled
 Compressed Oops: Enabled (Zero based)
 Heap Region Size: 2M
 Heap Min Capacity: 8M
 Heap Initial Capacity: 248M
 Heap Max Capacity: 3964M
 Pre-touch: Disabled
 Parallel Workers: 10
 Concurrent Workers: 3
 Concurrent Refinement Workers: 10
 Periodic GC: Disabled
Heap:
 garbage-first heap   total 256000K, used 124009K [0x0000000708400000, 0x0000000800000000)
  region size 2048K, 62 young (126976K), 2 survivors (4096K)
 Metaspace       used 6347K, committed 6592K, reserved 1114112K
  class space    used 310K, committed 448K, reserved 1048576K
GC Heap History (20 events):
Event: 4.555 GC heap before
{Heap before GC invocations=3 (full 0):
 garbage-first heap   total 256000K, used 152625K [0x0000000708400000, 0x0000000800000000)
  region size 2048K, 74 young (151552K), 1 survivors (2048K)
 Metaspace       used 6345K, committed 6592K, reserved 1114112K
  class space    used 310K, committed 448K, reserved 1048576K
}
Event: 4.556 GC heap after
{Heap after GC invocations=4 (full 0):
 garbage-first heap   total 256000K, used 3121K [0x0000000708400000, 0x0000000800000000)
  region size 2048K, 1 young (2048K), 1 survivors (2048K)
 Metaspace       used 6345K, committed 6592K, reserved 1114112K
  class space    used 310K, committed 448K, reserved 1048576K
}
Event: 6.291 GC heap before
{Heap before GC invocations=4 (full 0):
 garbage-first heap   total 256000K, used 152625K [0x0000000708400000, 0x0000000800000000)
  region size 2048K, 74 young (151552K), 1 survivors (2048K)
 Metaspace       used 6346K, committed 6592K, reserved 1114112K
  class space    used 310K, committed 448K, reserved 1048576K
}
Event: 6.292 GC heap after
{Heap after GC invocations=5 (full 0):
 garbage-first heap   total 256000K, used 3121K [0x0000000708400000, 0x0000000800000000)
  region size 2048K, 1 young (2048K), 1 survivors (2048K)
 Metaspace       used 6346K, committed 6592K, reserved 1114112K
  class space    used 310K, committed 448K, reserved 1048576K
}
Event: 8.011 GC heap before
{Heap before GC invocations=5 (full 0):
 garbage-first heap   total 256000K, used 152625K [0x0000000708400000, 0x0000000800000000)
  region size 2048K, 74 young (151552K), 1 survivors (2048K)
 Metaspace       used 6346K, committed 6592K, reserved 1114112K
  class space    used 310K, committed 448K, reserved 1048576K
}
Event: 8.012 GC heap after
{Heap after GC invocations=6 (full 0):
 garbage-first heap   total 256000K, used 3121K [0x0000000708400000, 0x0000000800000000)
  region size 2048K, 1 young (2048K), 1 survivors (2048K)
 Metaspace       used 6346K, committed 6592K, reserved 1114112K
  class space    used 310K, committed 448K, reserved 1048576K
}
Event: 9.742 GC heap before
{Heap before GC invocations=6 (full 0):
 garbage-first heap   total 256000K, used 152625K [0x0000000708400000, 0x0000000800000000)
  region size 2048K, 74 young (151552K), 1 survivors (2048K)
 Metaspace       used 6346K, committed 6592K, reserved 1114112K
  class space    used 310K, committed 448K, reserved 1048576K
}
Event: 9.743 GC heap after
{Heap after GC invocations=7 (full 0):
 garbage-first heap   total 256000K, used 3179K [0x0000000708400000, 0x0000000800000000)
  region size 2048K, 2 young (4096K), 2 survivors (4096K)
 Metaspace       used 6346K, committed 6592K, reserved 1114112K
  class space    used 310K, committed 448K, reserved 1048576K
}
Event: 11.423 GC heap before
{Heap before GC invocations=7 (full 0):
 garbage-first heap   total 256000K, used 150635K [0x0000000708400000, 0x0000000800000000)
  region size 2048K, 74 young (151552K), 2 survivors (4096K)
 Metaspace       used 6346K, committed 6592K, reserved 1114112K
  class space    used 310K, committed 448K, reserved 1048576K
}
Event: 11.424 GC heap after
{Heap after GC invocations=8 (full 0):
 garbage-first heap   total 256000K, used 3177K [0x0000000708400000, 0x0000000800000000)
  region size 2048K, 2 young (4096K), 2 survivors (4096K)
 Metaspace       used 6346K, committed 6592K, reserved 1114112K
  class space    used 310K, committed 448K, reserved 1048576K
}
Event: 13.108 GC heap before
{Heap before GC invocations=8 (full 0):
 garbage-first heap   total 256000K, used 150633K [0x0000000708400000, 0x0000000800000000)
  region size 2048K, 74 young (151552K), 2 survivors (4096K)
 Metaspace       used 6346K, committed 6592K, reserved 1114112K
  class space    used 310K, committed 448K, reserved 1048576K
}
Event: 13.108 GC heap after
{Heap after GC invocations=9 (full 0):
 garbage-first heap   total 256000K, used 3053K [0x0000000708400000, 0x0000000800000000)
  region size 2048K, 1 young (2048K), 1 survivors (2048K)
 Metaspace       used 6346K, committed 6592K, reserved 1114112K
  class space    used 310K, committed 448K, reserved 1048576K
}
Event: 14.827 GC heap before
{Heap before GC invocations=9 (full 0):
 garbage-first heap   total 256000K, used 152557K [0x0000000708400000, 0x0000000800000000)
  region size 2048K, 74 young (151552K), 1 survivors (2048K)
 Metaspace       used 6346K, committed 6592K, reserved 1114112K
  class space    used 310K, committed 448K, reserved 1048576K
}
Event: 14.828 GC heap after
{Heap after GC invocations=10 (full 0):
 garbage-first heap   total 256000K, used 3121K [0x0000000708400000, 0x0000000800000000)
  region size 2048K, 1 young (2048K), 1 survivors (2048K)
 Metaspace       used 6346K, committed 6592K, reserved 1114112K
  class space    used 310K, committed 448K, reserved 1048576K
}
Event: 16.586 GC heap before
{Heap before GC invocations=10 (full 0):
 garbage-first heap   total 256000K, used 152625K [0x0000000708400000, 0x0000000800000000)
  region size 2048K, 74 young (151552K), 1 survivors (2048K)
 Metaspace       used 6346K, committed 6592K, reserved 1114112K
  class space    used 310K, committed 448K, reserved 1048576K
}
Event: 16.587 GC heap after
{Heap after GC invocations=11 (full 0):
 garbage-first heap   total 256000K, used 3176K [0x0000000708400000, 0x0000000800000000)
  region size 2048K, 2 young (4096K), 2 survivors (4096K)
 Metaspace       used 6346K, committed 6592K, reserved 1114112K
  class space    used 310K, committed 448K, reserved 1048576K
}
Event: 18.272 GC heap before
{Heap before GC invocations=11 (full 0):
 garbage-first heap   total 256000K, used 150632K [0x0000000708400000, 0x0000000800000000)
  region size 2048K, 74 young (151552K), 2 survivors (4096K)
 Metaspace       used 6346K, committed 6592K, reserved 1114112K
  class space    used 310K, committed 448K, reserved 1048576K
}
Event: 18.273 GC heap after
{Heap after GC invocations=12 (full 0):
 garbage-first heap   total 256000K, used 3176K [0x0000000708400000, 0x0000000800000000)
  region size 2048K, 2 young (4096K), 2 survivors (4096K)
 Metaspace       used 6346K, committed 6592K, reserved 1114112K
  class space    used 310K, committed 448K, reserved 1048576K
}
Event: 19.960 GC heap before
{Heap before GC invocations=12 (full 0):
 garbage-first heap   total 256000K, used 150632K [0x0000000708400000, 0x0000000800000000)
  region size 2048K, 74 young (151552K), 2 survivors (4096K)
 Metaspace       used 6346K, committed 6592K, reserved 1114112K
  class space    used 310K, committed 448K, reserved 1048576K
}
Event: 19.961 GC heap after
{Heap after GC invocations=13 (full 0):
 garbage-first heap   total 256000K, used 3177K [0x0000000708400000, 0x0000000800000000)
  region size 2048K, 2 young (4096K), 2 survivors (4096K)
 Metaspace       used 6346K, committed 6592K, reserved 1114112K
  class space    used 310K, committed 448K, reserved 1048576K
}

