# JRE version: OpenJDK Runtime Environment (21.0.7+6) (build 21.0.7+6)
# Java VM: OpenJDK 64-Bit Server VM (21.0.7+6, mixed mode, sharing, tiered, compressed oops, compressed class ptrs, g1 gc, linux-amd64)
GC Precious Log:
 CardTable entry size: 512
 Card Set container configuration: InlinePtr #cards 4 size 8 Array Of Cards #cards 16 size 48 Howl #buckets 8 coarsen threshold 3686 Howl Bitmap #cards 512 size 80 coarsen threshold 460 Card regions per heap region 1 cards per card region 4096
 CPUs: 12 total, 12 available
 Memory: 15855M
 Large Page Support: Disabled
 NUMA Support: Disabled
 Compressed Oops: Enabled (Zero based)
 Heap Region Size: 2M
 Heap Min Capacity: 8M
 Heap Initial Capacity: 248M
 Heap Max Capacity: 3964M
 Pre-touch: Disabled
 Parallel Workers: 10
 Concurrent Workers: 3
 Concurrent Refinement Workers: 10
 Periodic GC: Disabled
Heap:
 garbage-first heap   total 256000K, used 56382K [0x0000000708400000, 0x0000000800000000)
  region size 2048K, 28 young (57344K), 1 survivors (2048K)
 Metaspace       used 6352K, committed 6592K, reserved 1114112K
  class space    used 311K, committed 448K, reserved 1048576K
GC Heap History (20 events):
Event: 30.740 GC heap before
{Heap before GC invocations=8 (full 0):
 garbage-first heap   total 256000K, used 152625K [0x0000000708400000, 0x0000000800000000)
  region size 2048K, 74 young (151552K), 1 survivors (2048K)
 Metaspace       used 6351K, committed 6592K, reserved 1114112K
  class space    used 311K, committed 448K, reserved 1048576K
}
Event: 30.741 GC heap after
{Heap after GC invocations=9 (full 0):
 garbage-first heap   total 256000K, used 3121K [0x0000000708400000, 0x0000000800000000)
  region size 2048K, 1 young (2048K), 1 survivors (2048K)
 Metaspace       used 6351K, committed 6592K, reserved 1114112K
  class space    used 311K, committed 448K, reserved 1048576K
}
Event: 35.046 GC heap before
{Heap before GC invocations=9 (full 0):
 garbage-first heap   total 256000K, used 152625K [0x0000000708400000, 0x0000000800000000)
  region size 2048K, 74 young (151552K), 1 survivors (2048K)
 Metaspace       used 6351K, committed 6592K, reserved 1114112K
  class space    used 311K, committed 448K, reserved 1048576K
}
Event: 35.047 GC heap after
{Heap after GC invocations=10 (full 0):
 garbage-first heap   total 256000K, used 3176K [0x0000000708400000, 0x0000000800000000)
  region size 2048K, 2 young (4096K), 2 survivors (4096K)
 Metaspace       used 6351K, committed 6592K, reserved 1114112K
  class space    used 311K, committed 448K, reserved 1048576K
}
Event: 39.303 GC heap before
{Heap before GC invocations=10 (full 0):
 garbage-first heap   total 256000K, used 150632K [0x0000000708400000, 0x0000000800000000)
  region size 2048K, 74 young (151552K), 2 survivors (4096K)
 Metaspace       used 6351K, committed 6592K, reserved 1114112K
  class space    used 311K, committed 448K, reserved 1048576K
}
Event: 39.304 GC heap after
{Heap after GC invocations=11 (full 0):
 garbage-first heap   total 256000K, used 3121K [0x0000000708400000, 0x0000000800000000)
  region size 2048K, 1 young (2048K), 1 survivors (2048K)
 Metaspace       used 6351K, committed 6592K, reserved 1114112K
  class space    used 311K, committed 448K, reserved 1048576K
}
Event: 43.610 GC heap before
{Heap before GC invocations=11 (full 0):
 garbage-first heap   total 256000K, used 152625K [0x0000000708400000, 0x0000000800000000)
  region size 2048K, 74 young (151552K), 1 survivors (2048K)
 Metaspace       used 6351K, committed 6592K, reserved 1114112K
  class space    used 311K, committed 448K, reserved 1048576K
}
Event: 43.611 GC heap after
{Heap after GC invocations=12 (full 0):
 garbage-first heap   total 256000K, used 3120K [0x0000000708400000, 0x0000000800000000)
  region size 2048K, 1 young (2048K), 1 survivors (2048K)
 Metaspace       used 6351K, committed 6592K, reserved 1114112K
  class space    used 311K, committed 448K, reserved 1048576K
}
Event: 47.928 GC heap before
{Heap before GC invocations=12 (full 0):
 garbage-first heap   total 256000K, used 152624K [0x0000000708400000, 0x0000000800000000)
  region size 2048K, 74 young (151552K), 1 survivors (2048K)
 Metaspace       used 6351K, committed 6592K, reserved 1114112K
  class space    used 311K, committed 448K, reserved 1048576K
}
Event: 47.929 GC heap after
{Heap after GC invocations=13 (full 0):
 garbage-first heap   total 256000K, used 3121K [0x0000000708400000, 0x0000000800000000)
  region size 2048K, 1 young (2048K), 1 survivors (2048K)
 Metaspace       used 6351K, committed 6592K, reserved 1114112K
  class space    used 311K, committed 448K, reserved 1048576K
}
Event: 52.240 GC heap before
{Heap before GC invocations=13 (full 0):
 garbage-first heap   total 256000K, used 152625K [0x0000000708400000, 0x0000000800000000)
  region size 2048K, 74 young (151552K), 1 survivors (2048K)
 Metaspace       used 6351K, committed 6592K, reserved 1114112K
  class space    used 311K, committed 448K, reserved 1048576K
}
Event: 52.241 GC heap after
{Heap after GC invocations=14 (full 0):
 garbage-first heap   total 256000K, used 3176K [0x0000000708400000, 0x0000000800000000)
  region size 2048K, 2 young (4096K), 2 survivors (4096K)
 Metaspace       used 6351K, committed 6592K, reserved 1114112K
  class space    used 311K, committed 448K, reserved 1048576K
}
Event: 56.498 GC heap before
{Heap before GC invocations=14 (full 0):
 garbage-first heap   total 256000K, used 150632K [0x0000000708400000, 0x0000000800000000)
  region size 2048K, 74 young (151552K), 2 survivors (4096K)
 Metaspace       used 6351K, committed 6592K, reserved 1114112K
  class space    used 311K, committed 448K, reserved 1048576K
}
Event: 56.499 GC heap after
{Heap after GC invocations=15 (full 0):
 garbage-first heap   total 256000K, used 3121K [0x0000000708400000, 0x0000000800000000)
  region size 2048K, 1 young (2048K), 1 survivors (2048K)
 Metaspace       used 6351K, committed 6592K, reserved 1114112K
  class space    used 311K, committed 448K, reserved 1048576K
}
Event: 60.804 GC heap before
{Heap before GC invocations=15 (full 0):
 garbage-first heap   total 256000K, used 152625K [0x0000000708400000, 0x0000000800000000)
  region size 2048K, 74 young (151552K), 1 survivors (2048K)
 Metaspace       used 6351K, committed 6592K, reserved 1114112K
  class space    used 311K, committed 448K, reserved 1048576K
}
Event: 60.805 GC heap after
{Heap after GC invocations=16 (full 0):
 garbage-first heap   total 256000K, used 3272K [0x0000000708400000, 0x0000000800000000)
  region size 2048K, 1 young (2048K), 1 survivors (2048K)
 Metaspace       used 6351K, committed 6592K, reserved 1114112K
  class space    used 311K, committed 448K, reserved 1048576K
}
Event: 65.109 GC heap before
{Heap before GC invocations=16 (full 0):
 garbage-first heap   total 256000K, used 152776K [0x0000000708400000, 0x0000000800000000)
  region size 2048K, 74 young (151552K), 1 survivors (2048K)
 Metaspace       used 6351K, committed 6592K, reserved 1114112K
  class space    used 311K, committed 448K, reserved 1048576K
}
Event: 65.110 GC heap after
{Heap after GC invocations=17 (full 0):
 garbage-first heap   total 256000K, used 3156K [0x0000000708400000, 0x0000000800000000)
  region size 2048K, 1 young (2048K), 1 survivors (2048K)
 Metaspace       used 6351K, committed 6592K, reserved 1114112K
  class space    used 311K, committed 448K, reserved 1048576K
}
Event: 69.416 GC heap before
{Heap before GC invocations=17 (full 0):
 garbage-first heap   total 256000K, used 152660K [0x0000000708400000, 0x0000000800000000)
  region size 2048K, 74 young (151552K), 1 survivors (2048K)
 Metaspace       used 6351K, committed 6592K, reserved 1114112K
  class space    used 311K, committed 448K, reserved 1048576K
}
Event: 69.416 GC heap after
{Heap after GC invocations=18 (full 0):
 garbage-first heap   total 256000K, used 3134K [0x0000000708400000, 0x0000000800000000)
  region size 2048K, 1 young (2048K), 1 survivors (2048K)
 Metaspace       used 6351K, committed 6592K, reserved 1114112K
  class space    used 311K, committed 448K, reserved 1048576K
}

